<?xml version="1.0" encoding="UTF-8"?>
<testsuite xmlns:xsi="http://www.w3.org/2001/XMLSchema-instance" xsi:noNamespaceSchemaLocation="https://maven.apache.org/surefire/maven-surefire-plugin/xsd/surefire-test-report.xsd" name="org.springframework.samples.mvc.response.ResponseControllerTests" time="0.046" tests="5" errors="0" skipped="0" failures="0">
  <properties>
    <property name="gopherProxySet" value="false"/>
    <property name="awt.toolkit" value="sun.lwawt.macosx.LWCToolkit"/>
    <property name="file.encoding.pkg" value="sun.io"/>
    <property name="java.specification.version" value="1.8"/>
    <property name="sun.cpu.isalist" value=""/>
    <property name="sun.jnu.encoding" value="UTF-8"/>
    <property name="java.class.path" value="/Users/yixuanchen/go-candidate/target/test-classes:/Users/yixuanchen/go-candidate/target/classes:/Users/yixuanchen/.m2/repository/org/springframework/spring-context/5.0.4.RELEASE/spring-context-5.0.4.RELEASE.jar:/Users/yixuanchen/.m2/repository/org/springframework/spring-aop/5.0.4.RELEASE/spring-aop-5.0.4.RELEASE.jar:/Users/yixuanchen/.m2/repository/org/springframework/spring-beans/5.0.4.RELEASE/spring-beans-5.0.4.RELEASE.jar:/Users/yixuanchen/.m2/repository/org/springframework/spring-core/5.0.4.RELEASE/spring-core-5.0.4.RELEASE.jar:/Users/yixuanchen/.m2/repository/org/springframework/spring-jcl/5.0.4.RELEASE/spring-jcl-5.0.4.RELEASE.jar:/Users/yixuanchen/.m2/repository/org/springframework/spring-expression/5.0.4.RELEASE/spring-expression-5.0.4.RELEASE.jar:/Users/yixuanchen/.m2/repository/org/springframework/spring-webmvc/5.0.4.RELEASE/spring-webmvc-5.0.4.RELEASE.jar:/Users/yixuanchen/.m2/repository/org/springframework/spring-web/5.0.4.RELEASE/spring-web-5.0.4.RELEASE.jar:/Users/yixuanchen/.m2/repository/org/springframework/security/spring-security-web/5.0.0.RELEASE/spring-security-web-5.0.0.RELEASE.jar:/Users/yixuanchen/.m2/repository/org/springframework/security/spring-security-core/5.0.0.RELEASE/spring-security-core-5.0.0.RELEASE.jar:/Users/yixuanchen/.m2/repository/org/aspectj/aspectjrt/1.8.1/aspectjrt-1.8.1.jar:/Users/yixuanchen/.m2/repository/org/apache/logging/log4j/log4j-core/2.11.0/log4j-core-2.11.0.jar:/Users/yixuanchen/.m2/repository/org/apache/logging/log4j/log4j-api/2.11.0/log4j-api-2.11.0.jar:/Users/yixuanchen/.m2/repository/org/apache/logging/log4j/log4j-slf4j-impl/2.11.0/log4j-slf4j-impl-2.11.0.jar:/Users/yixuanchen/.m2/repository/org/slf4j/slf4j-api/1.8.0-alpha2/slf4j-api-1.8.0-alpha2.jar:/Users/yixuanchen/.m2/repository/javax/inject/javax.inject/1/javax.inject-1.jar:/Users/yixuanchen/.m2/repository/javax/servlet/javax.servlet-api/3.1.0/javax.servlet-api-3.1.0.jar:/Users/yixuanchen/.m2/repository/javax/servlet/jsp/javax.servlet.jsp-api/2.3.2-b02/javax.servlet.jsp-api-2.3.2-b02.jar:/Users/yixuanchen/.m2/repository/javax/servlet/jstl/1.2/jstl-1.2.jar:/Users/yixuanchen/.m2/repository/com/fasterxml/jackson/core/jackson-databind/2.9.3/jackson-databind-2.9.3.jar:/Users/yixuanchen/.m2/repository/com/fasterxml/jackson/core/jackson-annotations/2.9.0/jackson-annotations-2.9.0.jar:/Users/yixuanchen/.m2/repository/com/fasterxml/jackson/core/jackson-core/2.9.3/jackson-core-2.9.3.jar:/Users/yixuanchen/.m2/repository/com/rometools/rome/1.9.0/rome-1.9.0.jar:/Users/yixuanchen/.m2/repository/com/rometools/rome-utils/1.9.0/rome-utils-1.9.0.jar:/Users/yixuanchen/.m2/repository/org/jdom/jdom2/2.0.6/jdom2-2.0.6.jar:/Users/yixuanchen/.m2/repository/javax/validation/validation-api/2.0.1.Final/validation-api-2.0.1.Final.jar:/Users/yixuanchen/.m2/repository/org/hibernate/validator/hibernate-validator/6.0.7.Final/hibernate-validator-6.0.7.Final.jar:/Users/yixuanchen/.m2/repository/org/jboss/logging/jboss-logging/3.3.0.Final/jboss-logging-3.3.0.Final.jar:/Users/yixuanchen/.m2/repository/com/fasterxml/classmate/1.3.1/classmate-1.3.1.jar:/Users/yixuanchen/.m2/repository/javax/el/javax.el-api/3.0.1-b04/javax.el-api-3.0.1-b04.jar:/Users/yixuanchen/.m2/repository/org/glassfish/javax.el/3.0.1-b08/javax.el-3.0.1-b08.jar:/Users/yixuanchen/.m2/repository/joda-time/joda-time/2.9.9/joda-time-2.9.9.jar:/Users/yixuanchen/.m2/repository/commons-fileupload/commons-fileupload/1.3.3/commons-fileupload-1.3.3.jar:/Users/yixuanchen/.m2/repository/commons-io/commons-io/2.5/commons-io-2.5.jar:/Users/yixuanchen/.m2/repository/org/springframework/spring-test/5.0.4.RELEASE/spring-test-5.0.4.RELEASE.jar:/Users/yixuanchen/.m2/repository/junit/junit/4.12/junit-4.12.jar:/Users/yixuanchen/.m2/repository/org/hamcrest/hamcrest-core/1.3/hamcrest-core-1.3.jar:/Users/yixuanchen/.m2/repository/org/xmlunit/xmlunit-matchers/2.5.1/xmlunit-matchers-2.5.1.jar:/Users/yixuanchen/.m2/repository/org/xmlunit/xmlunit-core/2.5.1/xmlunit-core-2.5.1.jar:/Users/yixuanchen/.m2/repository/com/jayway/jsonpath/json-path/2.4.0/json-path-2.4.0.jar:/Users/yixuanchen/.m2/repository/net/minidev/json-smart/2.3/json-smart-2.3.jar:/Users/yixuanchen/.m2/repository/net/minidev/accessors-smart/1.2/accessors-smart-1.2.jar:/Users/yixuanchen/.m2/repository/org/ow2/asm/asm/5.0.4/asm-5.0.4.jar:/Users/yixuanchen/.m2/repository/org/hamcrest/hamcrest-library/1.3/hamcrest-library-1.3.jar:"/>
    <property name="java.vm.vendor" value="Oracle Corporation"/>
    <property name="sun.arch.data.model" value="64"/>
    <property name="java.vendor.url" value="http://java.oracle.com/"/>
    <property name="user.timezone" value=""/>
    <property name="java.vm.specification.version" value="1.8"/>
    <property name="os.name" value="Mac OS X"/>
    <property name="user.country" value="US"/>
    <property name="sun.java.launcher" value="SUN_STANDARD"/>
    <property name="sun.boot.library.path" value="/Library/Java/JavaVirtualMachines/jdk1.8.0_151.jdk/Contents/Home/jre/lib"/>
    <property name="sun.java.command" value="/Users/yixuanchen/go-candidate/target/surefire/surefirebooter3853731392698658951.jar /Users/yixuanchen/go-candidate/target/surefire 2018-06-22T22-56-25_063-jvmRun1 surefire8491071443642187438tmp surefire_0822716195845320473tmp"/>
    <property name="http.nonProxyHosts" value="local|*.local|169.254/16|*.169.254/16"/>
    <property name="surefire.test.class.path" value="/Users/yixuanchen/go-candidate/target/test-classes:/Users/yixuanchen/go-candidate/target/classes:/Users/yixuanchen/.m2/repository/org/springframework/spring-context/5.0.4.RELEASE/spring-context-5.0.4.RELEASE.jar:/Users/yixuanchen/.m2/repository/org/springframework/spring-aop/5.0.4.RELEASE/spring-aop-5.0.4.RELEASE.jar:/Users/yixuanchen/.m2/repository/org/springframework/spring-beans/5.0.4.RELEASE/spring-beans-5.0.4.RELEASE.jar:/Users/yixuanchen/.m2/repository/org/springframework/spring-core/5.0.4.RELEASE/spring-core-5.0.4.RELEASE.jar:/Users/yixuanchen/.m2/repository/org/springframework/spring-jcl/5.0.4.RELEASE/spring-jcl-5.0.4.RELEASE.jar:/Users/yixuanchen/.m2/repository/org/springframework/spring-expression/5.0.4.RELEASE/spring-expression-5.0.4.RELEASE.jar:/Users/yixuanchen/.m2/repository/org/springframework/spring-webmvc/5.0.4.RELEASE/spring-webmvc-5.0.4.RELEASE.jar:/Users/yixuanchen/.m2/repository/org/springframework/spring-web/5.0.4.RELEASE/spring-web-5.0.4.RELEASE.jar:/Users/yixuanchen/.m2/repository/org/springframework/security/spring-security-web/5.0.0.RELEASE/spring-security-web-5.0.0.RELEASE.jar:/Users/yixuanchen/.m2/repository/org/springframework/security/spring-security-core/5.0.0.RELEASE/spring-security-core-5.0.0.RELEASE.jar:/Users/yixuanchen/.m2/repository/org/aspectj/aspectjrt/1.8.1/aspectjrt-1.8.1.jar:/Users/yixuanchen/.m2/repository/org/apache/logging/log4j/log4j-core/2.11.0/log4j-core-2.11.0.jar:/Users/yixuanchen/.m2/repository/org/apache/logging/log4j/log4j-api/2.11.0/log4j-api-2.11.0.jar:/Users/yixuanchen/.m2/repository/org/apache/logging/log4j/log4j-slf4j-impl/2.11.0/log4j-slf4j-impl-2.11.0.jar:/Users/yixuanchen/.m2/repository/org/slf4j/slf4j-api/1.8.0-alpha2/slf4j-api-1.8.0-alpha2.jar:/Users/yixuanchen/.m2/repository/javax/inject/javax.inject/1/javax.inject-1.jar:/Users/yixuanchen/.m2/repository/javax/servlet/javax.servlet-api/3.1.0/javax.servlet-api-3.1.0.jar:/Users/yixuanchen/.m2/repository/javax/servlet/jsp/javax.servlet.jsp-api/2.3.2-b02/javax.servlet.jsp-api-2.3.2-b02.jar:/Users/yixuanchen/.m2/repository/javax/servlet/jstl/1.2/jstl-1.2.jar:/Users/yixuanchen/.m2/repository/com/fasterxml/jackson/core/jackson-databind/2.9.3/jackson-databind-2.9.3.jar:/Users/yixuanchen/.m2/repository/com/fasterxml/jackson/core/jackson-annotations/2.9.0/jackson-annotations-2.9.0.jar:/Users/yixuanchen/.m2/repository/com/fasterxml/jackson/core/jackson-core/2.9.3/jackson-core-2.9.3.jar:/Users/yixuanchen/.m2/repository/com/rometools/rome/1.9.0/rome-1.9.0.jar:/Users/yixuanchen/.m2/repository/com/rometools/rome-utils/1.9.0/rome-utils-1.9.0.jar:/Users/yixuanchen/.m2/repository/org/jdom/jdom2/2.0.6/jdom2-2.0.6.jar:/Users/yixuanchen/.m2/repository/javax/validation/validation-api/2.0.1.Final/validation-api-2.0.1.Final.jar:/Users/yixuanchen/.m2/repository/org/hibernate/validator/hibernate-validator/6.0.7.Final/hibernate-validator-6.0.7.Final.jar:/Users/yixuanchen/.m2/repository/org/jboss/logging/jboss-logging/3.3.0.Final/jboss-logging-3.3.0.Final.jar:/Users/yixuanchen/.m2/repository/com/fasterxml/classmate/1.3.1/classmate-1.3.1.jar:/Users/yixuanchen/.m2/repository/javax/el/javax.el-api/3.0.1-b04/javax.el-api-3.0.1-b04.jar:/Users/yixuanchen/.m2/repository/org/glassfish/javax.el/3.0.1-b08/javax.el-3.0.1-b08.jar:/Users/yixuanchen/.m2/repository/joda-time/joda-time/2.9.9/joda-time-2.9.9.jar:/Users/yixuanchen/.m2/repository/commons-fileupload/commons-fileupload/1.3.3/commons-fileupload-1.3.3.jar:/Users/yixuanchen/.m2/repository/commons-io/commons-io/2.5/commons-io-2.5.jar:/Users/yixuanchen/.m2/repository/org/springframework/spring-test/5.0.4.RELEASE/spring-test-5.0.4.RELEASE.jar:/Users/yixuanchen/.m2/repository/junit/junit/4.12/junit-4.12.jar:/Users/yixuanchen/.m2/repository/org/hamcrest/hamcrest-core/1.3/hamcrest-core-1.3.jar:/Users/yixuanchen/.m2/repository/org/xmlunit/xmlunit-matchers/2.5.1/xmlunit-matchers-2.5.1.jar:/Users/yixuanchen/.m2/repository/org/xmlunit/xmlunit-core/2.5.1/xmlunit-core-2.5.1.jar:/Users/yixuanchen/.m2/repository/com/jayway/jsonpath/json-path/2.4.0/json-path-2.4.0.jar:/Users/yixuanchen/.m2/repository/net/minidev/json-smart/2.3/json-smart-2.3.jar:/Users/yixuanchen/.m2/repository/net/minidev/accessors-smart/1.2/accessors-smart-1.2.jar:/Users/yixuanchen/.m2/repository/org/ow2/asm/asm/5.0.4/asm-5.0.4.jar:/Users/yixuanchen/.m2/repository/org/hamcrest/hamcrest-library/1.3/hamcrest-library-1.3.jar:"/>
    <property name="sun.cpu.endian" value="little"/>
    <property name="user.home" value="/Users/yixuanchen"/>
    <property name="user.language" value="en"/>
    <property name="java.specification.vendor" value="Oracle Corporation"/>
    <property name="java.home" value="/Library/Java/JavaVirtualMachines/jdk1.8.0_151.jdk/Contents/Home/jre"/>
    <property name="basedir" value="/Users/yixuanchen/go-candidate"/>
    <property name="file.separator" value="/"/>
    <property name="line.separator" value="&#10;"/>
    <property name="java.vm.specification.vendor" value="Oracle Corporation"/>
    <property name="java.specification.name" value="Java Platform API Specification"/>
    <property name="java.awt.graphicsenv" value="sun.awt.CGraphicsEnvironment"/>
    <property name="surefire.real.class.path" value="/Users/yixuanchen/go-candidate/target/surefire/surefirebooter3853731392698658951.jar"/>
    <property name="sun.boot.class.path" value="/Library/Java/JavaVirtualMachines/jdk1.8.0_151.jdk/Contents/Home/jre/lib/resources.jar:/Library/Java/JavaVirtualMachines/jdk1.8.0_151.jdk/Contents/Home/jre/lib/rt.jar:/Library/Java/JavaVirtualMachines/jdk1.8.0_151.jdk/Contents/Home/jre/lib/sunrsasign.jar:/Library/Java/JavaVirtualMachines/jdk1.8.0_151.jdk/Contents/Home/jre/lib/jsse.jar:/Library/Java/JavaVirtualMachines/jdk1.8.0_151.jdk/Contents/Home/jre/lib/jce.jar:/Library/Java/JavaVirtualMachines/jdk1.8.0_151.jdk/Contents/Home/jre/lib/charsets.jar:/Library/Java/JavaVirtualMachines/jdk1.8.0_151.jdk/Contents/Home/jre/lib/jfr.jar:/Library/Java/JavaVirtualMachines/jdk1.8.0_151.jdk/Contents/Home/jre/classes"/>
    <property name="sun.management.compiler" value="HotSpot 64-Bit Tiered Compilers"/>
    <property name="ftp.nonProxyHosts" value="local|*.local|169.254/16|*.169.254/16"/>
    <property name="java.runtime.version" value="1.8.0_151-b12"/>
    <property name="user.name" value="yixuanchen"/>
    <property name="path.separator" value=":"/>
    <property name="os.version" value="10.10.5"/>
    <property name="java.endorsed.dirs" value="/Library/Java/JavaVirtualMachines/jdk1.8.0_151.jdk/Contents/Home/jre/lib/endorsed"/>
    <property name="java.runtime.name" value="Java(TM) SE Runtime Environment"/>
    <property name="file.encoding" value="UTF-8"/>
    <property name="java.vm.name" value="Java HotSpot(TM) 64-Bit Server VM"/>
    <property name="localRepository" value="/Users/yixuanchen/.m2/repository"/>
    <property name="java.vendor.url.bug" value="http://bugreport.sun.com/bugreport/"/>
    <property name="java.io.tmpdir" value="/var/folders/_h/64phbfw93h92gshnctp439w00000gn/T/"/>
    <property name="idea.version" value="2017.2.5"/>
    <property name="java.version" value="1.8.0_151"/>
    <property name="user.dir" value="/Users/yixuanchen/go-candidate"/>
    <property name="os.arch" value="x86_64"/>
    <property name="java.vm.specification.name" value="Java Virtual Machine Specification"/>
    <property name="java.awt.printerjob" value="sun.lwawt.macosx.CPrinterJob"/>
    <property name="sun.os.patch.level" value="unknown"/>
    <property name="java.library.path" value="/Users/yixuanchen/Library/Java/Extensions:/Library/Java/Extensions:/Network/Library/Java/Extensions:/System/Library/Java/Extensions:/usr/lib/java:."/>
    <property name="java.vm.info" value="mixed mode"/>
    <property name="java.vendor" value="Oracle Corporation"/>
    <property name="java.vm.version" value="25.151-b12"/>
    <property name="java.ext.dirs" value="/Users/yixuanchen/Library/Java/Extensions:/Library/Java/JavaVirtualMachines/jdk1.8.0_151.jdk/Contents/Home/jre/lib/ext:/Library/Java/Extensions:/Network/Library/Java/Extensions:/System/Library/Java/Extensions:/usr/lib/java"/>
    <property name="sun.io.unicode.encoding" value="UnicodeBig"/>
    <property name="java.class.version" value="52.0"/>
    <property name="socksNonProxyHosts" value="local|*.local|169.254/16|*.169.254/16"/>
  </properties>
  <testcase name="responseCharsetAccept" classname="org.springframework.samples.mvc.response.ResponseControllerTests" time="0.007"/>
  <testcase name="responseEntityHeaders" classname="org.springframework.samples.mvc.response.ResponseControllerTests" time="0.012"/>
  <testcase name="responseEntityStatus" classname="org.springframework.samples.mvc.response.ResponseControllerTests" time="0.009"/>
  <testcase name="responseBody" classname="org.springframework.samples.mvc.response.ResponseControllerTests" time="0.01"/>
  <testcase name="responseCharsetProduce" classname="org.springframework.samples.mvc.response.ResponseControllerTests" time="0.008"/>
</testsuite>